  [1m[35m (214.3ms)[0m  [1m[35mCREATE DATABASE "sec_brs_development" ENCODING = 'unicode'[0m
  [1m[35m (206.2ms)[0m  [1m[35mCREATE DATABASE "sec_brs_test" ENCODING = 'unicode'[0m
  [1m[35m (45.1ms)[0m  [1m[35mCREATE TABLE "schema_migrations" ("version" character varying NOT NULL PRIMARY KEY)[0m
  [1m[35m (22.1ms)[0m  [1m[35mCREATE TABLE "ar_internal_metadata" ("key" character varying NOT NULL PRIMARY KEY, "value" character varying, "created_at" timestamp(6) NOT NULL, "updated_at" timestamp(6) NOT NULL)[0m
  [1m[35m (1.5ms)[0m  [1m[34mSELECT pg_try_advisory_lock(3559815883793792280)[0m
  [1m[35m (2.7ms)[0m  [1m[34mSELECT "schema_migrations"."version" FROM "schema_migrations" ORDER BY "schema_migrations"."version" ASC[0m
  [1m[36mActiveRecord::InternalMetadata Load (3.1ms)[0m  [1m[34mSELECT "ar_internal_metadata".* FROM "ar_internal_metadata" WHERE "ar_internal_metadata"."key" = $1 LIMIT $2[0m  [["key", "environment"], ["LIMIT", 1]]
  [1m[36mTRANSACTION (0.8ms)[0m  [1m[35mBEGIN[0m
  [1m[36mActiveRecord::InternalMetadata Create (7.9ms)[0m  [1m[32mINSERT INTO "ar_internal_metadata" ("key", "value", "created_at", "updated_at") VALUES ($1, $2, $3, $4) RETURNING "key"[0m  [["key", "environment"], ["value", "development"], ["created_at", "2022-09-17 23:21:25.724746"], ["updated_at", "2022-09-17 23:21:25.724746"]]
  [1m[36mTRANSACTION (1.4ms)[0m  [1m[35mCOMMIT[0m
  [1m[35m (1.2ms)[0m  [1m[34mSELECT pg_advisory_unlock(3559815883793792280)[0m
  [1m[35m (4.2ms)[0m  [1m[34mSELECT "schema_migrations"."version" FROM "schema_migrations" ORDER BY "schema_migrations"."version" ASC[0m
Started GET "/" for 127.0.0.1 at 2022-09-17 18:27:02 -0500
  
ActiveRecord::ConnectionNotEstablished (connection to server at "::1", port 5432 failed: fe_sendauth: no password supplied
):
  
activerecord (6.1.7) lib/active_record/connection_adapters/postgresql_adapter.rb:83:in `rescue in new_client'
activerecord (6.1.7) lib/active_record/connection_adapters/postgresql_adapter.rb:77:in `new_client'
activerecord (6.1.7) lib/active_record/connection_adapters/postgresql_adapter.rb:37:in `postgresql_connection'
activerecord (6.1.7) lib/active_record/connection_adapters/abstract/connection_pool.rb:882:in `public_send'
activerecord (6.1.7) lib/active_record/connection_adapters/abstract/connection_pool.rb:882:in `new_connection'
activerecord (6.1.7) lib/active_record/connection_adapters/abstract/connection_pool.rb:926:in `checkout_new_connection'
activerecord (6.1.7) lib/active_record/connection_adapters/abstract/connection_pool.rb:905:in `try_to_checkout_new_connection'
activerecord (6.1.7) lib/active_record/connection_adapters/abstract/connection_pool.rb:866:in `acquire_connection'
activerecord (6.1.7) lib/active_record/connection_adapters/abstract/connection_pool.rb:588:in `checkout'
activerecord (6.1.7) lib/active_record/connection_adapters/abstract/connection_pool.rb:428:in `connection'
activerecord (6.1.7) lib/active_record/connection_adapters/abstract/connection_pool.rb:1128:in `retrieve_connection'
activerecord (6.1.7) lib/active_record/connection_handling.rb:327:in `retrieve_connection'
activerecord (6.1.7) lib/active_record/connection_handling.rb:283:in `connection'
activerecord (6.1.7) lib/active_record/migration.rb:611:in `connection'
activerecord (6.1.7) lib/active_record/migration.rb:606:in `build_watcher'
activerecord (6.1.7) lib/active_record/migration.rb:588:in `block in call'
activerecord (6.1.7) lib/active_record/migration.rb:587:in `synchronize'
activerecord (6.1.7) lib/active_record/migration.rb:587:in `call'
actionpack (6.1.7) lib/action_dispatch/middleware/callbacks.rb:27:in `block in call'
activesupport (6.1.7) lib/active_support/callbacks.rb:98:in `run_callbacks'
actionpack (6.1.7) lib/action_dispatch/middleware/callbacks.rb:26:in `call'
actionpack (6.1.7) lib/action_dispatch/middleware/executor.rb:14:in `call'
actionpack (6.1.7) lib/action_dispatch/middleware/actionable_exceptions.rb:18:in `call'
actionpack (6.1.7) lib/action_dispatch/middleware/debug_exceptions.rb:29:in `call'
web-console (4.2.0) lib/web_console/middleware.rb:132:in `call_app'
web-console (4.2.0) lib/web_console/middleware.rb:28:in `block in call'
web-console (4.2.0) lib/web_console/middleware.rb:17:in `catch'
web-console (4.2.0) lib/web_console/middleware.rb:17:in `call'
actionpack (6.1.7) lib/action_dispatch/middleware/show_exceptions.rb:33:in `call'
railties (6.1.7) lib/rails/rack/logger.rb:37:in `call_app'
railties (6.1.7) lib/rails/rack/logger.rb:26:in `block in call'
activesupport (6.1.7) lib/active_support/tagged_logging.rb:99:in `block in tagged'
activesupport (6.1.7) lib/active_support/tagged_logging.rb:37:in `tagged'
activesupport (6.1.7) lib/active_support/tagged_logging.rb:99:in `tagged'
railties (6.1.7) lib/rails/rack/logger.rb:26:in `call'
sprockets-rails (3.4.2) lib/sprockets/rails/quiet_assets.rb:13:in `call'
actionpack (6.1.7) lib/action_dispatch/middleware/remote_ip.rb:81:in `call'
actionpack (6.1.7) lib/action_dispatch/middleware/request_id.rb:26:in `call'
rack (2.2.4) lib/rack/method_override.rb:24:in `call'
rack (2.2.4) lib/rack/runtime.rb:22:in `call'
activesupport (6.1.7) lib/active_support/cache/strategy/local_cache_middleware.rb:29:in `call'
actionpack (6.1.7) lib/action_dispatch/middleware/executor.rb:14:in `call'
actionpack (6.1.7) lib/action_dispatch/middleware/static.rb:24:in `call'
rack (2.2.4) lib/rack/sendfile.rb:110:in `call'
actionpack (6.1.7) lib/action_dispatch/middleware/host_authorization.rb:148:in `call'
rack-mini-profiler (2.3.4) lib/mini_profiler/profiler.rb:393:in `call'
webpacker (5.4.3) lib/webpacker/dev_server_proxy.rb:25:in `perform_request'
rack-proxy (0.7.4) lib/rack/proxy.rb:78:in `call'
railties (6.1.7) lib/rails/engine.rb:539:in `call'
puma (5.6.5) lib/puma/configuration.rb:252:in `call'
puma (5.6.5) lib/puma/request.rb:77:in `block in handle_request'
puma (5.6.5) lib/puma/thread_pool.rb:340:in `with_force_shutdown'
puma (5.6.5) lib/puma/request.rb:76:in `handle_request'
puma (5.6.5) lib/puma/server.rb:443:in `process_client'
puma (5.6.5) lib/puma/thread_pool.rb:147:in `block in spawn_thread'
Started GET "/" for 127.0.0.1 at 2022-09-17 18:27:09 -0500
  
ActiveRecord::ConnectionNotEstablished (connection to server at "::1", port 5432 failed: fe_sendauth: no password supplied
):
  
activerecord (6.1.7) lib/active_record/connection_adapters/postgresql_adapter.rb:83:in `rescue in new_client'
activerecord (6.1.7) lib/active_record/connection_adapters/postgresql_adapter.rb:77:in `new_client'
activerecord (6.1.7) lib/active_record/connection_adapters/postgresql_adapter.rb:37:in `postgresql_connection'
activerecord (6.1.7) lib/active_record/connection_adapters/abstract/connection_pool.rb:882:in `public_send'
activerecord (6.1.7) lib/active_record/connection_adapters/abstract/connection_pool.rb:882:in `new_connection'
activerecord (6.1.7) lib/active_record/connection_adapters/abstract/connection_pool.rb:926:in `checkout_new_connection'
activerecord (6.1.7) lib/active_record/connection_adapters/abstract/connection_pool.rb:905:in `try_to_checkout_new_connection'
activerecord (6.1.7) lib/active_record/connection_adapters/abstract/connection_pool.rb:866:in `acquire_connection'
activerecord (6.1.7) lib/active_record/connection_adapters/abstract/connection_pool.rb:588:in `checkout'
activerecord (6.1.7) lib/active_record/connection_adapters/abstract/connection_pool.rb:428:in `connection'
activerecord (6.1.7) lib/active_record/connection_adapters/abstract/connection_pool.rb:1128:in `retrieve_connection'
activerecord (6.1.7) lib/active_record/connection_handling.rb:327:in `retrieve_connection'
activerecord (6.1.7) lib/active_record/connection_handling.rb:283:in `connection'
activerecord (6.1.7) lib/active_record/migration.rb:611:in `connection'
activerecord (6.1.7) lib/active_record/migration.rb:606:in `build_watcher'
activerecord (6.1.7) lib/active_record/migration.rb:588:in `block in call'
activerecord (6.1.7) lib/active_record/migration.rb:587:in `synchronize'
activerecord (6.1.7) lib/active_record/migration.rb:587:in `call'
actionpack (6.1.7) lib/action_dispatch/middleware/callbacks.rb:27:in `block in call'
activesupport (6.1.7) lib/active_support/callbacks.rb:98:in `run_callbacks'
actionpack (6.1.7) lib/action_dispatch/middleware/callbacks.rb:26:in `call'
actionpack (6.1.7) lib/action_dispatch/middleware/executor.rb:14:in `call'
actionpack (6.1.7) lib/action_dispatch/middleware/actionable_exceptions.rb:18:in `call'
actionpack (6.1.7) lib/action_dispatch/middleware/debug_exceptions.rb:29:in `call'
web-console (4.2.0) lib/web_console/middleware.rb:132:in `call_app'
web-console (4.2.0) lib/web_console/middleware.rb:28:in `block in call'
web-console (4.2.0) lib/web_console/middleware.rb:17:in `catch'
web-console (4.2.0) lib/web_console/middleware.rb:17:in `call'
actionpack (6.1.7) lib/action_dispatch/middleware/show_exceptions.rb:33:in `call'
railties (6.1.7) lib/rails/rack/logger.rb:37:in `call_app'
railties (6.1.7) lib/rails/rack/logger.rb:26:in `block in call'
activesupport (6.1.7) lib/active_support/tagged_logging.rb:99:in `block in tagged'
activesupport (6.1.7) lib/active_support/tagged_logging.rb:37:in `tagged'
activesupport (6.1.7) lib/active_support/tagged_logging.rb:99:in `tagged'
railties (6.1.7) lib/rails/rack/logger.rb:26:in `call'
sprockets-rails (3.4.2) lib/sprockets/rails/quiet_assets.rb:13:in `call'
actionpack (6.1.7) lib/action_dispatch/middleware/remote_ip.rb:81:in `call'
actionpack (6.1.7) lib/action_dispatch/middleware/request_id.rb:26:in `call'
rack (2.2.4) lib/rack/method_override.rb:24:in `call'
rack (2.2.4) lib/rack/runtime.rb:22:in `call'
activesupport (6.1.7) lib/active_support/cache/strategy/local_cache_middleware.rb:29:in `call'
actionpack (6.1.7) lib/action_dispatch/middleware/executor.rb:14:in `call'
actionpack (6.1.7) lib/action_dispatch/middleware/static.rb:24:in `call'
rack (2.2.4) lib/rack/sendfile.rb:110:in `call'
actionpack (6.1.7) lib/action_dispatch/middleware/host_authorization.rb:148:in `call'
rack-mini-profiler (2.3.4) lib/mini_profiler/profiler.rb:393:in `call'
webpacker (5.4.3) lib/webpacker/dev_server_proxy.rb:25:in `perform_request'
rack-proxy (0.7.4) lib/rack/proxy.rb:78:in `call'
railties (6.1.7) lib/rails/engine.rb:539:in `call'
puma (5.6.5) lib/puma/configuration.rb:252:in `call'
puma (5.6.5) lib/puma/request.rb:77:in `block in handle_request'
puma (5.6.5) lib/puma/thread_pool.rb:340:in `with_force_shutdown'
puma (5.6.5) lib/puma/request.rb:76:in `handle_request'
puma (5.6.5) lib/puma/server.rb:443:in `process_client'
puma (5.6.5) lib/puma/thread_pool.rb:147:in `block in spawn_thread'
Started GET "/" for 172.17.0.1 at 2022-09-17 23:29:59 +0000
Cannot render console from 172.17.0.1! Allowed networks: 127.0.0.0/127.255.255.255, ::1
  [1m[35m (18.3ms)[0m  [1m[34mSELECT "schema_migrations"."version" FROM "schema_migrations" ORDER BY "schema_migrations"."version" ASC[0m
Started GET "/" for 172.17.0.1 at 2022-09-17 23:29:59 +0000
Cannot render console from 172.17.0.1! Allowed networks: 127.0.0.0/127.255.255.255, ::1
Processing by Rails::WelcomeController#index as HTML
  Rendering /usr/local/bundle/gems/railties-6.1.7/lib/rails/templates/rails/welcome/index.html.erb
  Rendered /usr/local/bundle/gems/railties-6.1.7/lib/rails/templates/rails/welcome/index.html.erb (Duration: 38.5ms | Allocations: 643)
Completed 200 OK in 227ms (Views: 91.2ms | ActiveRecord: 0.0ms | Allocations: 5025)


Processing by Rails::WelcomeController#index as HTML
  Rendering /usr/local/bundle/gems/railties-6.1.7/lib/rails/templates/rails/welcome/index.html.erb
  Rendered /usr/local/bundle/gems/railties-6.1.7/lib/rails/templates/rails/welcome/index.html.erb (Duration: 0.9ms | Allocations: 44)
Completed 200 OK in 10ms (Views: 8.4ms | ActiveRecord: 0.0ms | Allocations: 522)


Started GET "/" for 172.17.0.1 at 2022-09-17 23:48:35 +0000
Cannot render console from 172.17.0.1! Allowed networks: 127.0.0.0/127.255.255.255, ::1
  [1m[35m (5.5ms)[0m  [1m[34mSELECT "schema_migrations"."version" FROM "schema_migrations" ORDER BY "schema_migrations"."version" ASC[0m
Processing by Rails::WelcomeController#index as HTML
  Rendering /usr/local/bundle/gems/railties-6.1.7/lib/rails/templates/rails/welcome/index.html.erb
  Rendered /usr/local/bundle/gems/railties-6.1.7/lib/rails/templates/rails/welcome/index.html.erb (Duration: 26.3ms | Allocations: 499)
Completed 200 OK in 129ms (Views: 50.9ms | ActiveRecord: 0.0ms | Allocations: 3686)


Started GET "/" for 172.17.0.1 at 2022-09-17 23:48:36 +0000
Cannot render console from 172.17.0.1! Allowed networks: 127.0.0.0/127.255.255.255, ::1
Processing by Rails::WelcomeController#index as HTML
  Rendering /usr/local/bundle/gems/railties-6.1.7/lib/rails/templates/rails/welcome/index.html.erb
  Rendered /usr/local/bundle/gems/railties-6.1.7/lib/rails/templates/rails/welcome/index.html.erb (Duration: 23.0ms | Allocations: 261)
Completed 200 OK in 34ms (Views: 29.6ms | ActiveRecord: 0.0ms | Allocations: 1165)


